
> express-tp@1.0.0 start
> node src/index.js

[2026-01-05 22:45:49.123 +0100] [32mINFO[39m: [36mServer running on port 3000[39m
[2026-01-05 23:13:24.834 +0100] [31mERROR[39m: [36mCannot read properties of undefined (reading 'replace')[39m
    err: {
      "type": "TypeError",
      "message": "Cannot read properties of undefined (reading 'replace')",
      "stack":
          TypeError: Cannot read properties of undefined (reading 'replace')
              at createBetterSQLite3Client (/media/mary/Nouveau nom/AL3-G1/backend-nodejs/node_modules/@prisma/adapter-better-sqlite3/dist/index.js:648:22)
              at PrismaBetterSqlite3AdapterFactory.connect (/media/mary/Nouveau nom/AL3-G1/backend-nodejs/node_modules/@prisma/adapter-better-sqlite3/dist/index.js:637:59)
              at e.connect (/media/mary/Nouveau nom/AL3-G1/backend-nodejs/node_modules/@prisma/client/runtime/client.js:57:178)
              at #s (/media/mary/Nouveau nom/AL3-G1/backend-nodejs/node_modules/@prisma/client/runtime/client.js:57:11947)
              at /media/mary/Nouveau nom/AL3-G1/backend-nodejs/node_modules/@prisma/client/runtime/client.js:57:11284
              at Object.runInChildSpan (/media/mary/Nouveau nom/AL3-G1/backend-nodejs/node_modules/@prisma/client/runtime/client.js:65:2516)
              at ti.runInChildSpan (/media/mary/Nouveau nom/AL3-G1/backend-nodejs/node_modules/@prisma/client/runtime/client.js:65:2850)
              at #i (/media/mary/Nouveau nom/AL3-G1/backend-nodejs/node_modules/@prisma/client/runtime/client.js:57:11222)
              at Dt.request (/media/mary/Nouveau nom/AL3-G1/backend-nodejs/node_modules/@prisma/client/runtime/client.js:58:2015)
              at Object.singleLoader (/media/mary/Nouveau nom/AL3-G1/backend-nodejs/node_modules/@prisma/client/runtime/client.js:65:6595)
      "clientVersion": "7.2.0"
    }
[2026-01-05 23:13:24.839 +0100] [32mINFO[39m: [36mrequest errored[39m
    [35mreq[39m: {
      "id": 1,
      "method": "POST",
      "url": "/auth/signup",
      "query": {},
      "params": {},
      "headers": {
        "user-agent": "yaak",
        "accept": "*/*",
        "content-type": "application/json",
        "accept-encoding": "gzip, br, deflate",
        "host": "localhost:3000",
        "content-length": "88"
      },
      "remoteAddress": "::ffff:127.0.0.1",
      "remotePort": 60284
    }
    [35mres[39m: {
      "statusCode": 500,
      "headers": {
        "content-security-policy": "default-src 'self';base-uri 'self';font-src 'self' https: data:;form-action 'self';frame-ancestors 'self';img-src 'self' data:;object-src 'none';script-src 'self';script-src-attr 'none';style-src 'self' https: 'unsafe-inline';upgrade-insecure-requests",
        "cross-origin-opener-policy": "same-origin",
        "cross-origin-resource-policy": "same-origin",
        "origin-agent-cluster": "?1",
        "referrer-policy": "no-referrer",
        "strict-transport-security": "max-age=31536000; includeSubDomains",
        "x-content-type-options": "nosniff",
        "x-dns-prefetch-control": "off",
        "x-download-options": "noopen",
        "x-frame-options": "SAMEORIGIN",
        "x-permitted-cross-domain-policies": "none",
        "x-xss-protection": "0",
        "access-control-allow-origin": "*",
        "content-type": "application/json; charset=utf-8",
        "content-length": "78",
        "etag": "W/\"4e-pLoga45gYNdmRPr43L/4Me6Vp4c\""
      }
    }
    [35mresponseTime[39m: 16
    err: {
      "type": "Error",
      "message": "failed with status code 500",
      "stack":
          Error: failed with status code 500
              at onResFinished (/media/mary/Nouveau nom/AL3-G1/backend-nodejs/node_modules/pino-http/logger.js:115:39)
              at ServerResponse.onResponseComplete (/media/mary/Nouveau nom/AL3-G1/backend-nodejs/node_modules/pino-http/logger.js:178:14)
              at ServerResponse.emit (node:events:536:35)
              at onFinish (node:_http_outgoing:1031:10)
              at callback (node:internal/streams/writable:766:21)
              at afterWrite (node:internal/streams/writable:710:5)
              at afterWriteTick (node:internal/streams/writable:696:10)
              at process.processTicksAndRejections (node:internal/process/task_queues:81:21)
    }
[2026-01-05 23:18:09.956 +0100] [31mERROR[39m: [36mCannot read properties of undefined (reading 'replace')[39m
    err: {
      "type": "TypeError",
      "message": "Cannot read properties of undefined (reading 'replace')",
      "stack":
          TypeError: Cannot read properties of undefined (reading 'replace')
              at createBetterSQLite3Client (/media/mary/Nouveau nom/AL3-G1/backend-nodejs/node_modules/@prisma/adapter-better-sqlite3/dist/index.js:648:22)
              at PrismaBetterSqlite3AdapterFactory.connect (/media/mary/Nouveau nom/AL3-G1/backend-nodejs/node_modules/@prisma/adapter-better-sqlite3/dist/index.js:637:59)
              at e.connect (/media/mary/Nouveau nom/AL3-G1/backend-nodejs/node_modules/@prisma/client/runtime/client.js:57:178)
              at #s (/media/mary/Nouveau nom/AL3-G1/backend-nodejs/node_modules/@prisma/client/runtime/client.js:57:11947)
              at /media/mary/Nouveau nom/AL3-G1/backend-nodejs/node_modules/@prisma/client/runtime/client.js:57:11284
              at Object.runInChildSpan (/media/mary/Nouveau nom/AL3-G1/backend-nodejs/node_modules/@prisma/client/runtime/client.js:65:2516)
              at ti.runInChildSpan (/media/mary/Nouveau nom/AL3-G1/backend-nodejs/node_modules/@prisma/client/runtime/client.js:65:2850)
              at #i (/media/mary/Nouveau nom/AL3-G1/backend-nodejs/node_modules/@prisma/client/runtime/client.js:57:11222)
              at Dt.request (/media/mary/Nouveau nom/AL3-G1/backend-nodejs/node_modules/@prisma/client/runtime/client.js:58:2015)
              at Object.singleLoader (/media/mary/Nouveau nom/AL3-G1/backend-nodejs/node_modules/@prisma/client/runtime/client.js:65:6595)
      "clientVersion": "7.2.0"
    }
[2026-01-05 23:18:09.957 +0100] [32mINFO[39m: [36mrequest errored[39m
    [35mreq[39m: {
      "id": 2,
      "method": "POST",
      "url": "/auth/signup",
      "query": {},
      "params": {},
      "headers": {
        "user-agent": "yaak",
        "accept": "*/*",
        "content-type": "application/json",
        "accept-encoding": "gzip, br, deflate",
        "host": "localhost:3000",
        "content-length": "89"
      },
      "remoteAddress": "::ffff:127.0.0.1",
      "remotePort": 46194
    }
    [35mres[39m: {
      "statusCode": 500,
      "headers": {
        "content-security-policy": "default-src 'self';base-uri 'self';font-src 'self' https: data:;form-action 'self';frame-ancestors 'self';img-src 'self' data:;object-src 'none';script-src 'self';script-src-attr 'none';style-src 'self' https: 'unsafe-inline';upgrade-insecure-requests",
        "cross-origin-opener-policy": "same-origin",
        "cross-origin-resource-policy": "same-origin",
        "origin-agent-cluster": "?1",
        "referrer-policy": "no-referrer",
        "strict-transport-security": "max-age=31536000; includeSubDomains",
        "x-content-type-options": "nosniff",
        "x-dns-prefetch-control": "off",
        "x-download-options": "noopen",
        "x-frame-options": "SAMEORIGIN",
        "x-permitted-cross-domain-policies": "none",
        "x-xss-protection": "0",
        "access-control-allow-origin": "*",
        "content-type": "application/json; charset=utf-8",
        "content-length": "78",
        "etag": "W/\"4e-pLoga45gYNdmRPr43L/4Me6Vp4c\""
      }
    }
    [35mresponseTime[39m: 5
    err: {
      "type": "Error",
      "message": "failed with status code 500",
      "stack":
          Error: failed with status code 500
              at onResFinished (/media/mary/Nouveau nom/AL3-G1/backend-nodejs/node_modules/pino-http/logger.js:115:39)
              at ServerResponse.onResponseComplete (/media/mary/Nouveau nom/AL3-G1/backend-nodejs/node_modules/pino-http/logger.js:178:14)
              at ServerResponse.emit (node:events:536:35)
              at onFinish (node:_http_outgoing:1031:10)
              at callback (node:internal/streams/writable:766:21)
              at afterWrite (node:internal/streams/writable:710:5)
              at afterWriteTick (node:internal/streams/writable:696:10)
              at process.processTicksAndRejections (node:internal/process/task_queues:81:21)
    }
[2026-01-05 23:19:47.485 +0100] [31mERROR[39m: [36mCannot read properties of undefined (reading 'replace')[39m
    err: {
      "type": "TypeError",
      "message": "Cannot read properties of undefined (reading 'replace')",
      "stack":
          TypeError: Cannot read properties of undefined (reading 'replace')
              at createBetterSQLite3Client (/media/mary/Nouveau nom/AL3-G1/backend-nodejs/node_modules/@prisma/adapter-better-sqlite3/dist/index.js:648:22)
              at PrismaBetterSqlite3AdapterFactory.connect (/media/mary/Nouveau nom/AL3-G1/backend-nodejs/node_modules/@prisma/adapter-better-sqlite3/dist/index.js:637:59)
              at e.connect (/media/mary/Nouveau nom/AL3-G1/backend-nodejs/node_modules/@prisma/client/runtime/client.js:57:178)
              at #s (/media/mary/Nouveau nom/AL3-G1/backend-nodejs/node_modules/@prisma/client/runtime/client.js:57:11947)
              at /media/mary/Nouveau nom/AL3-G1/backend-nodejs/node_modules/@prisma/client/runtime/client.js:57:11284
              at Object.runInChildSpan (/media/mary/Nouveau nom/AL3-G1/backend-nodejs/node_modules/@prisma/client/runtime/client.js:65:2516)
              at ti.runInChildSpan (/media/mary/Nouveau nom/AL3-G1/backend-nodejs/node_modules/@prisma/client/runtime/client.js:65:2850)
              at #i (/media/mary/Nouveau nom/AL3-G1/backend-nodejs/node_modules/@prisma/client/runtime/client.js:57:11222)
              at Dt.request (/media/mary/Nouveau nom/AL3-G1/backend-nodejs/node_modules/@prisma/client/runtime/client.js:58:2015)
              at Object.singleLoader (/media/mary/Nouveau nom/AL3-G1/backend-nodejs/node_modules/@prisma/client/runtime/client.js:65:6595)
      "clientVersion": "7.2.0"
    }
[2026-01-05 23:19:47.486 +0100] [32mINFO[39m: [36mrequest errored[39m
    [35mreq[39m: {
      "id": 3,
      "method": "POST",
      "url": "/auth/signup",
      "query": {},
      "params": {},
      "headers": {
        "user-agent": "yaak",
        "accept": "*/*",
        "content-type": "application/json",
        "accept-encoding": "gzip, br, deflate",
        "host": "localhost:3000",
        "content-length": "89"
      },
      "remoteAddress": "::ffff:127.0.0.1",
      "remotePort": 40290
    }
    [35mres[39m: {
      "statusCode": 500,
      "headers": {
        "content-security-policy": "default-src 'self';base-uri 'self';font-src 'self' https: data:;form-action 'self';frame-ancestors 'self';img-src 'self' data:;object-src 'none';script-src 'self';script-src-attr 'none';style-src 'self' https: 'unsafe-inline';upgrade-insecure-requests",
        "cross-origin-opener-policy": "same-origin",
        "cross-origin-resource-policy": "same-origin",
        "origin-agent-cluster": "?1",
        "referrer-policy": "no-referrer",
        "strict-transport-security": "max-age=31536000; includeSubDomains",
        "x-content-type-options": "nosniff",
        "x-dns-prefetch-control": "off",
        "x-download-options": "noopen",
        "x-frame-options": "SAMEORIGIN",
        "x-permitted-cross-domain-policies": "none",
        "x-xss-protection": "0",
        "access-control-allow-origin": "*",
        "content-type": "application/json; charset=utf-8",
        "content-length": "78",
        "etag": "W/\"4e-pLoga45gYNdmRPr43L/4Me6Vp4c\""
      }
    }
    [35mresponseTime[39m: 2
    err: {
      "type": "Error",
      "message": "failed with status code 500",
      "stack":
          Error: failed with status code 500
              at onResFinished (/media/mary/Nouveau nom/AL3-G1/backend-nodejs/node_modules/pino-http/logger.js:115:39)
              at ServerResponse.onResponseComplete (/media/mary/Nouveau nom/AL3-G1/backend-nodejs/node_modules/pino-http/logger.js:178:14)
              at ServerResponse.emit (node:events:536:35)
              at onFinish (node:_http_outgoing:1031:10)
              at callback (node:internal/streams/writable:766:21)
              at afterWrite (node:internal/streams/writable:710:5)
              at afterWriteTick (node:internal/streams/writable:696:10)
              at process.processTicksAndRejections (node:internal/process/task_queues:81:21)
    }
[2026-01-05 23:26:53.440 +0100] [31mERROR[39m: [36mCannot read properties of undefined (reading 'replace')[39m
    err: {
      "type": "TypeError",
      "message": "Cannot read properties of undefined (reading 'replace')",
      "stack":
          TypeError: Cannot read properties of undefined (reading 'replace')
              at createBetterSQLite3Client (/media/mary/Nouveau nom/AL3-G1/backend-nodejs/node_modules/@prisma/adapter-better-sqlite3/dist/index.js:648:22)
              at PrismaBetterSqlite3AdapterFactory.connect (/media/mary/Nouveau nom/AL3-G1/backend-nodejs/node_modules/@prisma/adapter-better-sqlite3/dist/index.js:637:59)
              at e.connect (/media/mary/Nouveau nom/AL3-G1/backend-nodejs/node_modules/@prisma/client/runtime/client.js:57:178)
              at #s (/media/mary/Nouveau nom/AL3-G1/backend-nodejs/node_modules/@prisma/client/runtime/client.js:57:11947)
              at /media/mary/Nouveau nom/AL3-G1/backend-nodejs/node_modules/@prisma/client/runtime/client.js:57:11284
              at Object.runInChildSpan (/media/mary/Nouveau nom/AL3-G1/backend-nodejs/node_modules/@prisma/client/runtime/client.js:65:2516)
              at ti.runInChildSpan (/media/mary/Nouveau nom/AL3-G1/backend-nodejs/node_modules/@prisma/client/runtime/client.js:65:2850)
              at #i (/media/mary/Nouveau nom/AL3-G1/backend-nodejs/node_modules/@prisma/client/runtime/client.js:57:11222)
              at Dt.request (/media/mary/Nouveau nom/AL3-G1/backend-nodejs/node_modules/@prisma/client/runtime/client.js:58:2015)
              at Object.singleLoader (/media/mary/Nouveau nom/AL3-G1/backend-nodejs/node_modules/@prisma/client/runtime/client.js:65:6595)
      "clientVersion": "7.2.0"
    }
[2026-01-05 23:26:53.441 +0100] [32mINFO[39m: [36mrequest errored[39m
    [35mreq[39m: {
      "id": 4,
      "method": "POST",
      "url": "/auth/signup",
      "query": {},
      "params": {},
      "headers": {
        "user-agent": "yaak",
        "accept": "*/*",
        "content-type": "application/json",
        "accept-encoding": "gzip, br, deflate",
        "host": "localhost:3000",
        "content-length": "89"
      },
      "remoteAddress": "::ffff:127.0.0.1",
      "remotePort": 36382
    }
    [35mres[39m: {
      "statusCode": 500,
      "headers": {
        "content-security-policy": "default-src 'self';base-uri 'self';font-src 'self' https: data:;form-action 'self';frame-ancestors 'self';img-src 'self' data:;object-src 'none';script-src 'self';script-src-attr 'none';style-src 'self' https: 'unsafe-inline';upgrade-insecure-requests",
        "cross-origin-opener-policy": "same-origin",
        "cross-origin-resource-policy": "same-origin",
        "origin-agent-cluster": "?1",
        "referrer-policy": "no-referrer",
        "strict-transport-security": "max-age=31536000; includeSubDomains",
        "x-content-type-options": "nosniff",
        "x-dns-prefetch-control": "off",
        "x-download-options": "noopen",
        "x-frame-options": "SAMEORIGIN",
        "x-permitted-cross-domain-policies": "none",
        "x-xss-protection": "0",
        "access-control-allow-origin": "*",
        "content-type": "application/json; charset=utf-8",
        "content-length": "78",
        "etag": "W/\"4e-pLoga45gYNdmRPr43L/4Me6Vp4c\""
      }
    }
    [35mresponseTime[39m: 2
    err: {
      "type": "Error",
      "message": "failed with status code 500",
      "stack":
          Error: failed with status code 500
              at onResFinished (/media/mary/Nouveau nom/AL3-G1/backend-nodejs/node_modules/pino-http/logger.js:115:39)
              at ServerResponse.onResponseComplete (/media/mary/Nouveau nom/AL3-G1/backend-nodejs/node_modules/pino-http/logger.js:178:14)
              at ServerResponse.emit (node:events:536:35)
              at onFinish (node:_http_outgoing:1031:10)
              at callback (node:internal/streams/writable:766:21)
              at afterWrite (node:internal/streams/writable:710:5)
              at afterWriteTick (node:internal/streams/writable:696:10)
              at process.processTicksAndRejections (node:internal/process/task_queues:81:21)
    }
[2026-01-05 23:26:55.303 +0100] [31mERROR[39m: [36mCannot read properties of undefined (reading 'replace')[39m
    err: {
      "type": "TypeError",
      "message": "Cannot read properties of undefined (reading 'replace')",
      "stack":
          TypeError: Cannot read properties of undefined (reading 'replace')
              at createBetterSQLite3Client (/media/mary/Nouveau nom/AL3-G1/backend-nodejs/node_modules/@prisma/adapter-better-sqlite3/dist/index.js:648:22)
              at PrismaBetterSqlite3AdapterFactory.connect (/media/mary/Nouveau nom/AL3-G1/backend-nodejs/node_modules/@prisma/adapter-better-sqlite3/dist/index.js:637:59)
              at e.connect (/media/mary/Nouveau nom/AL3-G1/backend-nodejs/node_modules/@prisma/client/runtime/client.js:57:178)
              at #s (/media/mary/Nouveau nom/AL3-G1/backend-nodejs/node_modules/@prisma/client/runtime/client.js:57:11947)
              at /media/mary/Nouveau nom/AL3-G1/backend-nodejs/node_modules/@prisma/client/runtime/client.js:57:11284
              at Object.runInChildSpan (/media/mary/Nouveau nom/AL3-G1/backend-nodejs/node_modules/@prisma/client/runtime/client.js:65:2516)
              at ti.runInChildSpan (/media/mary/Nouveau nom/AL3-G1/backend-nodejs/node_modules/@prisma/client/runtime/client.js:65:2850)
              at #i (/media/mary/Nouveau nom/AL3-G1/backend-nodejs/node_modules/@prisma/client/runtime/client.js:57:11222)
              at Dt.request (/media/mary/Nouveau nom/AL3-G1/backend-nodejs/node_modules/@prisma/client/runtime/client.js:58:2015)
              at Object.singleLoader (/media/mary/Nouveau nom/AL3-G1/backend-nodejs/node_modules/@prisma/client/runtime/client.js:65:6595)
      "clientVersion": "7.2.0"
    }
[2026-01-05 23:26:55.304 +0100] [32mINFO[39m: [36mrequest errored[39m
    [35mreq[39m: {
      "id": 5,
      "method": "POST",
      "url": "/auth/signup",
      "query": {},
      "params": {},
      "headers": {
        "user-agent": "yaak",
        "accept": "*/*",
        "content-type": "application/json",
        "accept-encoding": "gzip, br, deflate",
        "host": "localhost:3000",
        "content-length": "89"
      },
      "remoteAddress": "::ffff:127.0.0.1",
      "remotePort": 36386
    }
    [35mres[39m: {
      "statusCode": 500,
      "headers": {
        "content-security-policy": "default-src 'self';base-uri 'self';font-src 'self' https: data:;form-action 'self';frame-ancestors 'self';img-src 'self' data:;object-src 'none';script-src 'self';script-src-attr 'none';style-src 'self' https: 'unsafe-inline';upgrade-insecure-requests",
        "cross-origin-opener-policy": "same-origin",
        "cross-origin-resource-policy": "same-origin",
        "origin-agent-cluster": "?1",
        "referrer-policy": "no-referrer",
        "strict-transport-security": "max-age=31536000; includeSubDomains",
        "x-content-type-options": "nosniff",
        "x-dns-prefetch-control": "off",
        "x-download-options": "noopen",
        "x-frame-options": "SAMEORIGIN",
        "x-permitted-cross-domain-policies": "none",
        "x-xss-protection": "0",
        "access-control-allow-origin": "*",
        "content-type": "application/json; charset=utf-8",
        "content-length": "78",
        "etag": "W/\"4e-pLoga45gYNdmRPr43L/4Me6Vp4c\""
      }
    }
    [35mresponseTime[39m: 2
    err: {
      "type": "Error",
      "message": "failed with status code 500",
      "stack":
          Error: failed with status code 500
              at onResFinished (/media/mary/Nouveau nom/AL3-G1/backend-nodejs/node_modules/pino-http/logger.js:115:39)
              at ServerResponse.onResponseComplete (/media/mary/Nouveau nom/AL3-G1/backend-nodejs/node_modules/pino-http/logger.js:178:14)
              at ServerResponse.emit (node:events:536:35)
              at onFinish (node:_http_outgoing:1031:10)
              at callback (node:internal/streams/writable:766:21)
              at afterWrite (node:internal/streams/writable:710:5)
              at afterWriteTick (node:internal/streams/writable:696:10)
              at process.processTicksAndRejections (node:internal/process/task_queues:81:21)
    }
[2026-01-05 23:26:56.472 +0100] [31mERROR[39m: [36mCannot read properties of undefined (reading 'replace')[39m
    err: {
      "type": "TypeError",
      "message": "Cannot read properties of undefined (reading 'replace')",
      "stack":
          TypeError: Cannot read properties of undefined (reading 'replace')
              at createBetterSQLite3Client (/media/mary/Nouveau nom/AL3-G1/backend-nodejs/node_modules/@prisma/adapter-better-sqlite3/dist/index.js:648:22)
              at PrismaBetterSqlite3AdapterFactory.connect (/media/mary/Nouveau nom/AL3-G1/backend-nodejs/node_modules/@prisma/adapter-better-sqlite3/dist/index.js:637:59)
              at e.connect (/media/mary/Nouveau nom/AL3-G1/backend-nodejs/node_modules/@prisma/client/runtime/client.js:57:178)
              at #s (/media/mary/Nouveau nom/AL3-G1/backend-nodejs/node_modules/@prisma/client/runtime/client.js:57:11947)
              at /media/mary/Nouveau nom/AL3-G1/backend-nodejs/node_modules/@prisma/client/runtime/client.js:57:11284
              at Object.runInChildSpan (/media/mary/Nouveau nom/AL3-G1/backend-nodejs/node_modules/@prisma/client/runtime/client.js:65:2516)
              at ti.runInChildSpan (/media/mary/Nouveau nom/AL3-G1/backend-nodejs/node_modules/@prisma/client/runtime/client.js:65:2850)
              at #i (/media/mary/Nouveau nom/AL3-G1/backend-nodejs/node_modules/@prisma/client/runtime/client.js:57:11222)
              at Dt.request (/media/mary/Nouveau nom/AL3-G1/backend-nodejs/node_modules/@prisma/client/runtime/client.js:58:2015)
              at Object.singleLoader (/media/mary/Nouveau nom/AL3-G1/backend-nodejs/node_modules/@prisma/client/runtime/client.js:65:6595)
      "clientVersion": "7.2.0"
    }
[2026-01-05 23:26:56.472 +0100] [32mINFO[39m: [36mrequest errored[39m
    [35mreq[39m: {
      "id": 6,
      "method": "POST",
      "url": "/auth/signup",
      "query": {},
      "params": {},
      "headers": {
        "user-agent": "yaak",
        "accept": "*/*",
        "content-type": "application/json",
        "accept-encoding": "gzip, br, deflate",
        "host": "localhost:3000",
        "content-length": "89"
      },
      "remoteAddress": "::ffff:127.0.0.1",
      "remotePort": 36398
    }
    [35mres[39m: {
      "statusCode": 500,
      "headers": {
        "content-security-policy": "default-src 'self';base-uri 'self';font-src 'self' https: data:;form-action 'self';frame-ancestors 'self';img-src 'self' data:;object-src 'none';script-src 'self';script-src-attr 'none';style-src 'self' https: 'unsafe-inline';upgrade-insecure-requests",
        "cross-origin-opener-policy": "same-origin",
        "cross-origin-resource-policy": "same-origin",
        "origin-agent-cluster": "?1",
        "referrer-policy": "no-referrer",
        "strict-transport-security": "max-age=31536000; includeSubDomains",
        "x-content-type-options": "nosniff",
        "x-dns-prefetch-control": "off",
        "x-download-options": "noopen",
        "x-frame-options": "SAMEORIGIN",
        "x-permitted-cross-domain-policies": "none",
        "x-xss-protection": "0",
        "access-control-allow-origin": "*",
        "content-type": "application/json; charset=utf-8",
        "content-length": "78",
        "etag": "W/\"4e-pLoga45gYNdmRPr43L/4Me6Vp4c\""
      }
    }
    [35mresponseTime[39m: 1
    err: {
      "type": "Error",
      "message": "failed with status code 500",
      "stack":
          Error: failed with status code 500
              at onResFinished (/media/mary/Nouveau nom/AL3-G1/backend-nodejs/node_modules/pino-http/logger.js:115:39)
              at ServerResponse.onResponseComplete (/media/mary/Nouveau nom/AL3-G1/backend-nodejs/node_modules/pino-http/logger.js:178:14)
              at ServerResponse.emit (node:events:536:35)
              at onFinish (node:_http_outgoing:1031:10)
              at callback (node:internal/streams/writable:766:21)
              at afterWrite (node:internal/streams/writable:710:5)
              at afterWriteTick (node:internal/streams/writable:696:10)
              at process.processTicksAndRejections (node:internal/process/task_queues:81:21)
    }
[2026-01-05 23:30:18.963 +0100] [31mERROR[39m: [36mCannot read properties of undefined (reading 'replace')[39m
    err: {
      "type": "TypeError",
      "message": "Cannot read properties of undefined (reading 'replace')",
      "stack":
          TypeError: Cannot read properties of undefined (reading 'replace')
              at createBetterSQLite3Client (/media/mary/Nouveau nom/AL3-G1/backend-nodejs/node_modules/@prisma/adapter-better-sqlite3/dist/index.js:648:22)
              at PrismaBetterSqlite3AdapterFactory.connect (/media/mary/Nouveau nom/AL3-G1/backend-nodejs/node_modules/@prisma/adapter-better-sqlite3/dist/index.js:637:59)
              at e.connect (/media/mary/Nouveau nom/AL3-G1/backend-nodejs/node_modules/@prisma/client/runtime/client.js:57:178)
              at #s (/media/mary/Nouveau nom/AL3-G1/backend-nodejs/node_modules/@prisma/client/runtime/client.js:57:11947)
              at /media/mary/Nouveau nom/AL3-G1/backend-nodejs/node_modules/@prisma/client/runtime/client.js:57:11284
              at Object.runInChildSpan (/media/mary/Nouveau nom/AL3-G1/backend-nodejs/node_modules/@prisma/client/runtime/client.js:65:2516)
              at ti.runInChildSpan (/media/mary/Nouveau nom/AL3-G1/backend-nodejs/node_modules/@prisma/client/runtime/client.js:65:2850)
              at #i (/media/mary/Nouveau nom/AL3-G1/backend-nodejs/node_modules/@prisma/client/runtime/client.js:57:11222)
              at Dt.request (/media/mary/Nouveau nom/AL3-G1/backend-nodejs/node_modules/@prisma/client/runtime/client.js:58:2015)
              at Object.singleLoader (/media/mary/Nouveau nom/AL3-G1/backend-nodejs/node_modules/@prisma/client/runtime/client.js:65:6595)
      "clientVersion": "7.2.0"
    }
[2026-01-05 23:30:18.965 +0100] [32mINFO[39m: [36mrequest errored[39m
    [35mreq[39m: {
      "id": 7,
      "method": "POST",
      "url": "/auth/signup",
      "query": {},
      "params": {},
      "headers": {
        "user-agent": "yaak",
        "accept": "*/*",
        "content-type": "application/json",
        "accept-encoding": "gzip, br, deflate",
        "host": "localhost:3000",
        "content-length": "86"
      },
      "remoteAddress": "::ffff:127.0.0.1",
      "remotePort": 59736
    }
    [35mres[39m: {
      "statusCode": 500,
      "headers": {
        "content-security-policy": "default-src 'self';base-uri 'self';font-src 'self' https: data:;form-action 'self';frame-ancestors 'self';img-src 'self' data:;object-src 'none';script-src 'self';script-src-attr 'none';style-src 'self' https: 'unsafe-inline';upgrade-insecure-requests",
        "cross-origin-opener-policy": "same-origin",
        "cross-origin-resource-policy": "same-origin",
        "origin-agent-cluster": "?1",
        "referrer-policy": "no-referrer",
        "strict-transport-security": "max-age=31536000; includeSubDomains",
        "x-content-type-options": "nosniff",
        "x-dns-prefetch-control": "off",
        "x-download-options": "noopen",
        "x-frame-options": "SAMEORIGIN",
        "x-permitted-cross-domain-policies": "none",
        "x-xss-protection": "0",
        "access-control-allow-origin": "*",
        "content-type": "application/json; charset=utf-8",
        "content-length": "78",
        "etag": "W/\"4e-pLoga45gYNdmRPr43L/4Me6Vp4c\""
      }
    }
    [35mresponseTime[39m: 4
    err: {
      "type": "Error",
      "message": "failed with status code 500",
      "stack":
          Error: failed with status code 500
              at onResFinished (/media/mary/Nouveau nom/AL3-G1/backend-nodejs/node_modules/pino-http/logger.js:115:39)
              at ServerResponse.onResponseComplete (/media/mary/Nouveau nom/AL3-G1/backend-nodejs/node_modules/pino-http/logger.js:178:14)
              at ServerResponse.emit (node:events:536:35)
              at onFinish (node:_http_outgoing:1031:10)
              at callback (node:internal/streams/writable:766:21)
              at afterWrite (node:internal/streams/writable:710:5)
              at afterWriteTick (node:internal/streams/writable:696:10)
              at process.processTicksAndRejections (node:internal/process/task_queues:81:21)
    }
[2026-01-05 23:39:39.827 +0100] [31mERROR[39m: [36mCannot read properties of undefined (reading 'replace')[39m
    err: {
      "type": "TypeError",
      "message": "Cannot read properties of undefined (reading 'replace')",
      "stack":
          TypeError: Cannot read properties of undefined (reading 'replace')
              at createBetterSQLite3Client (/media/mary/Nouveau nom/AL3-G1/backend-nodejs/node_modules/@prisma/adapter-better-sqlite3/dist/index.js:648:22)
              at PrismaBetterSqlite3AdapterFactory.connect (/media/mary/Nouveau nom/AL3-G1/backend-nodejs/node_modules/@prisma/adapter-better-sqlite3/dist/index.js:637:59)
              at e.connect (/media/mary/Nouveau nom/AL3-G1/backend-nodejs/node_modules/@prisma/client/runtime/client.js:57:178)
              at #s (/media/mary/Nouveau nom/AL3-G1/backend-nodejs/node_modules/@prisma/client/runtime/client.js:57:11947)
              at /media/mary/Nouveau nom/AL3-G1/backend-nodejs/node_modules/@prisma/client/runtime/client.js:57:11284
              at Object.runInChildSpan (/media/mary/Nouveau nom/AL3-G1/backend-nodejs/node_modules/@prisma/client/runtime/client.js:65:2516)
              at ti.runInChildSpan (/media/mary/Nouveau nom/AL3-G1/backend-nodejs/node_modules/@prisma/client/runtime/client.js:65:2850)
              at #i (/media/mary/Nouveau nom/AL3-G1/backend-nodejs/node_modules/@prisma/client/runtime/client.js:57:11222)
              at Dt.request (/media/mary/Nouveau nom/AL3-G1/backend-nodejs/node_modules/@prisma/client/runtime/client.js:58:2015)
              at Object.singleLoader (/media/mary/Nouveau nom/AL3-G1/backend-nodejs/node_modules/@prisma/client/runtime/client.js:65:6595)
      "clientVersion": "7.2.0"
    }
[2026-01-05 23:39:39.828 +0100] [32mINFO[39m: [36mrequest errored[39m
    [35mreq[39m: {
      "id": 8,
      "method": "POST",
      "url": "/auth/signup",
      "query": {},
      "params": {},
      "headers": {
        "user-agent": "yaak",
        "accept": "*/*",
        "content-type": "application/json",
        "accept-encoding": "gzip, br, deflate",
        "host": "localhost:3000",
        "content-length": "86"
      },
      "remoteAddress": "::ffff:127.0.0.1",
      "remotePort": 32936
    }
    [35mres[39m: {
      "statusCode": 500,
      "headers": {
        "content-security-policy": "default-src 'self';base-uri 'self';font-src 'self' https: data:;form-action 'self';frame-ancestors 'self';img-src 'self' data:;object-src 'none';script-src 'self';script-src-attr 'none';style-src 'self' https: 'unsafe-inline';upgrade-insecure-requests",
        "cross-origin-opener-policy": "same-origin",
        "cross-origin-resource-policy": "same-origin",
        "origin-agent-cluster": "?1",
        "referrer-policy": "no-referrer",
        "strict-transport-security": "max-age=31536000; includeSubDomains",
        "x-content-type-options": "nosniff",
        "x-dns-prefetch-control": "off",
        "x-download-options": "noopen",
        "x-frame-options": "SAMEORIGIN",
        "x-permitted-cross-domain-policies": "none",
        "x-xss-protection": "0",
        "access-control-allow-origin": "*",
        "content-type": "application/json; charset=utf-8",
        "content-length": "78",
        "etag": "W/\"4e-pLoga45gYNdmRPr43L/4Me6Vp4c\""
      }
    }
    [35mresponseTime[39m: 3
    err: {
      "type": "Error",
      "message": "failed with status code 500",
      "stack":
          Error: failed with status code 500
              at onResFinished (/media/mary/Nouveau nom/AL3-G1/backend-nodejs/node_modules/pino-http/logger.js:115:39)
              at ServerResponse.onResponseComplete (/media/mary/Nouveau nom/AL3-G1/backend-nodejs/node_modules/pino-http/logger.js:178:14)
              at ServerResponse.emit (node:events:536:35)
              at onFinish (node:_http_outgoing:1031:10)
              at callback (node:internal/streams/writable:766:21)
              at afterWrite (node:internal/streams/writable:710:5)
              at afterWriteTick (node:internal/streams/writable:696:10)
              at process.processTicksAndRejections (node:internal/process/task_queues:81:21)
    }
